Table profiles columns: (empty table)
------------------------
Table quiz_attempts columns: (empty table)
------------------------
Table flashcard_decks columns: (empty table)
------------------------
Table battle_results columns: (empty table)
------------------------
Table battle_players columns: id, room_id, user_id, is_host, is_ready, is_connected, score, streak, max_streak, joined_at, last_seen_at
Table battle_players row count fetched: 1
Table battle_players keys/values for row 0:
  id: b30a3f55-b92b-4b94-817b-a12fbb4a5346
  room_id: c8162d50-484a-4c32-b989-11f6e60b00ed
  user_id: 40099f7d-ddc4-4bed-b97d-e801290973cf
  is_host: true
  is_ready: true
  is_connected: true
  score: 0
  streak: 0
  max_streak: 0
  joined_at: 2026-07-11T19:38:58.520828+00:00
  last_seen_at: 2026-07-11T19:38:58.520828+00:00
------------------------
Table battle_rooms columns: id, battle_code, host_id, document_id, module_name, difficulty, question_count, time_per_question, question_type, is_private, status, current_question_index, current_question_started_at, created_at, updated_at
Table battle_rooms row count fetched: 1
Table battle_rooms keys/values for row 0:
  id: c8162d50-484a-4c32-b989-11f6e60b00ed
  battle_code: 72F5FUY5
  host_id: 40099f7d-ddc4-4bed-b97d-e801290973cf
  document_id: null
  module_name: Module 1
  difficulty: medium
  question_count: 8
  time_per_question: 20
  question_type: mcq
  is_private: false
  status: waiting
  current_question_index: 0
  current_question_started_at: null
  created_at: 2026-07-11T19:38:57.508471+00:00
  updated_at: 2026-07-11T19:38:57.508471+00:00
------------------------
Testing profile field support...
  profiles.bio column: NOT supported (Error: column profiles.bio does not exist)
  profiles.avatar_url column: NOT supported (Error: column profiles.avatar_url does not exist)
  profiles.profile_picture_url column: NOT supported (Error: column profiles.profile_picture_url does not exist)
  profiles.created_at column: NOT supported (Error: column profiles.created_at does not exist)
  profiles.updated_at column: SUPPORTED!
  profiles.join_date column: NOT supported (Error: column profiles.join_date does not exist)
